<?xml version="1.0" encoding="UTF-8"?>
<!-- Generated by org.testng.reporters.JUnitReportReporter -->
<testsuite hostname="DESKTOP-8E4VER7" failures="0" tests="1" name="Test.TestNG" time="0.001" errors="0" timestamp="2024-07-16T10:43:35 IST" skipped="0">
  <testcase classname="Test.TestNG" name="Demo" time="0.001"/>
</testsuite> <!-- Test.TestNG -->
