<?xml version="1.0" encoding="UTF-8"?>
<!-- Generated by org.testng.reporters.JUnitReportReporter -->
<testsuite hostname="DESKTOP-8E4VER7" failures="0" tests="2" name="Test.Stalingrad" time="0.004" errors="0" timestamp="2024-07-16T10:43:35 IST" skipped="0">
  <testcase classname="Test.Stalingrad" name="blitzcreague" time="0.003"/>
  <testcase classname="Test.Stalingrad" name="leningrad" time="0.001"/>
</testsuite> <!-- Test.Stalingrad -->
