<?xml version="1.0" encoding="UTF-8"?>
<!-- Generated by org.testng.reporters.JUnitReportReporter -->
<testsuite hostname="DESKTOP-8E4VER7" failures="0" tests="2" name="Test.Battle" time="0.014" errors="0" timestamp="2024-07-16T10:43:35 IST" skipped="0">
  <testcase classname="Test.Battle" name="Actressacting" time="0.013"/>
  <testcase classname="Test.Battle" name="Actoracting" time="0.001"/>
</testsuite> <!-- Test.Battle -->
