<?xml version="1.0" encoding="UTF-8"?>
<!-- Generated by org.testng.reporters.JUnitReportReporter -->
<testsuite hostname="DESKTOP-8E4VER7" failures="0" tests="1" name="Test.NewTest" time="0.000" errors="0" timestamp="2024-07-16T10:43:35 IST" skipped="0">
  <testcase classname="Test.NewTest" name="f" time="0.000"/>
</testsuite> <!-- Test.NewTest -->
