<?xml version="1.0" encoding="UTF-8"?>
<!-- Generated by org.testng.reporters.JUnitReportReporter -->
<testsuite hostname="DESKTOP-8E4VER7" failures="0" tests="2" name="Test2.WW1" time="0.002" errors="0" timestamp="2024-07-11T13:37:32 IST" skipped="0">
  <testcase classname="Test2.WW1" name="Actual" time="0.001"/>
  <testcase classname="Test2.WW1" name="Demo1" time="0.001"/>
</testsuite> <!-- Test2.WW1 -->
